SF:lib/src/stores/notifier_store.dart
DA:13,28
DA:14,24
DA:15,28
DA:17,7
DA:18,7
DA:19,6
DA:20,6
DA:21,7
DA:22,7
DA:24,7
DA:25,14
DA:27,6
DA:28,12
DA:30,5
DA:31,10
DA:34,14
DA:36,7
DA:38,7
DA:39,14
DA:40,21
DA:41,14
DA:42,18
DA:43,10
DA:44,15
DA:48,7
DA:54,21
DA:55,15
DA:56,24
DA:59,14
DA:64,14
DA:69,12
DA:74,6
DA:77,12
DA:82,12
DA:87,12
DA:95,0
LF:36
LH:35
end_of_record
SF:lib/src/stores/stream_store.dart
DA:21,3
DA:22,4
DA:23,3
DA:25,3
DA:26,4
DA:27,3
DA:28,3
DA:30,3
DA:31,4
DA:32,3
DA:37,2
DA:39,1
DA:42,2
DA:45,1
DA:46,2
DA:49,1
DA:51,2
DA:54,2
DA:55,2
DA:58,1
DA:64,3
DA:65,1
DA:66,2
DA:67,1
DA:68,1
DA:70,2
DA:71,1
DA:72,1
DA:74,2
DA:75,1
DA:76,1
DA:82,1
DA:84,1
LF:33
LH:33
end_of_record
SF:lib/src/widgets/scoped_builder.dart
DA:39,1
DA:48,1
DA:52,1
DA:56,1
DA:59,1
DA:62,0
DA:72,0
DA:79,0
DA:80,0
DA:82,0
DA:84,0
DA:94,0
DA:95,0
DA:97,0
DA:99,0
DA:109,0
DA:110,0
DA:112,0
DA:114,0
DA:125,1
DA:127,1
DA:143,1
DA:145,1
DA:146,3
DA:147,4
DA:150,1
DA:152,1
DA:153,1
DA:155,3
DA:156,1
DA:157,3
DA:160,3
DA:162,1
DA:164,3
DA:165,4
DA:166,2
DA:167,1
DA:171,1
DA:172,4
DA:173,2
DA:174,1
DA:176,0
DA:177,0
DA:178,0
DA:182,1
DA:183,4
DA:184,2
DA:185,1
DA:192,1
DA:194,2
DA:195,1
DA:196,1
DA:199,1
DA:203,1
DA:204,1
DA:205,3
DA:206,3
DA:207,0
DA:209,1
DA:210,5
DA:212,1
DA:213,5
DA:214,6
DA:217,3
DA:218,5
DA:219,0
LF:66
LH:47
end_of_record
SF:lib/src/widgets/scoped_consumer.dart
DA:47,1
DA:59,1
DA:68,1
DA:72,1
DA:75,1
DA:78,1
DA:91,1
DA:101,1
DA:102,1
DA:104,0
DA:106,1
DA:116,0
DA:117,0
DA:119,0
DA:121,0
DA:131,0
DA:132,0
DA:134,0
DA:136,0
DA:147,1
DA:149,1
DA:166,1
DA:168,1
DA:169,3
DA:170,4
DA:173,1
DA:175,1
DA:176,1
DA:178,3
DA:179,1
DA:180,2
DA:183,0
DA:185,1
DA:187,3
DA:188,2
DA:189,1
DA:192,1
DA:193,2
DA:194,4
DA:195,1
DA:199,1
DA:200,4
DA:201,2
DA:202,4
DA:203,1
DA:205,0
DA:206,0
DA:207,0
DA:208,0
DA:209,0
DA:210,0
DA:214,1
DA:215,2
DA:216,1
DA:218,1
DA:219,2
DA:220,4
DA:221,1
DA:228,1
DA:230,2
DA:231,1
DA:232,1
DA:235,1
DA:239,1
DA:240,1
DA:241,3
DA:242,3
DA:243,0
DA:245,1
DA:246,5
DA:248,1
DA:249,5
DA:250,3
DA:253,3
DA:254,5
DA:255,0
LF:76
LH:58
end_of_record
SF:lib/src/widgets/scoped_listener.dart
DA:35,1
DA:45,1
DA:49,1
DA:53,1
DA:56,1
DA:58,1
DA:60,1
DA:76,1
DA:78,1
DA:79,3
DA:82,1
DA:84,1
DA:85,1
DA:87,3
DA:88,1
DA:89,3
DA:92,3
DA:94,1
DA:96,3
DA:97,2
DA:98,1
DA:101,1
DA:102,4
DA:105,1
DA:106,4
DA:107,4
DA:108,0
DA:109,0
DA:110,0
DA:111,0
DA:114,0
DA:115,0
DA:116,0
DA:122,1
DA:124,2
DA:125,1
DA:126,1
DA:129,1
DA:131,2
LF:39
LH:32
end_of_record
SF:lib/src/widgets/triple_builder.dart
DA:33,1
DA:39,1
DA:41,1
DA:43,1
DA:61,1
DA:63,1
DA:64,3
DA:67,1
DA:68,5
DA:71,3
DA:73,1
DA:75,5
DA:76,1
DA:77,2
DA:78,7
DA:83,1
DA:84,2
DA:87,0
DA:89,1
DA:91,2
DA:92,1
DA:93,2
DA:94,7
DA:100,1
DA:101,2
DA:104,0
DA:106,1
DA:108,2
DA:109,1
DA:110,2
DA:111,7
DA:116,1
DA:118,1
DA:119,1
DA:120,3
DA:121,1
DA:122,1
DA:123,1
DA:127,1
DA:129,2
DA:130,1
DA:131,1
DA:134,1
DA:136,1
DA:137,6
DA:138,6
DA:140,1
LF:47
LH:45
end_of_record
SF:lib/src/widgets/triple_consumer.dart
DA:41,1
DA:48,1
DA:50,1
DA:52,1
DA:70,1
DA:72,1
DA:73,3
DA:76,1
DA:77,2
DA:80,0
DA:82,1
DA:84,2
DA:85,1
DA:86,2
DA:87,6
DA:88,7
DA:93,1
DA:95,1
DA:96,1
DA:97,3
DA:98,1
DA:99,1
DA:100,1
DA:104,1
DA:106,2
DA:107,1
DA:108,1
DA:111,1
DA:113,6
DA:114,5
DA:115,3
DA:116,1
LF:32
LH:31
end_of_record
SF:lib/src/widgets/triple_listener.dart
DA:36,1
DA:43,1
DA:45,1
DA:47,1
DA:63,1
DA:65,1
DA:66,3
DA:69,1
DA:70,5
DA:73,3
DA:75,1
DA:77,5
DA:78,1
DA:79,6
DA:83,1
DA:85,1
DA:86,0
DA:88,3
DA:89,1
DA:90,1
DA:91,1
DA:93,1
DA:96,1
DA:98,2
DA:99,1
DA:100,1
DA:103,1
DA:105,2
LF:28
LH:27
end_of_record
